        -:    0:Source:tcas.c
        -:    0:Graph:tcas.gcno
        -:    0:Data:tcas.gcda
        -:    0:Runs:1
        -:    0:Programs:1
        -:    1:
        -:    2:/*  -*- Last-Edit:  Fri Jan 29 11:13:27 1993 by Tarak S. Goradia; -*- */
        -:    3:/* $Log: tcas.c,v $
        -:    4: * Revision 1.2  1993/03/12  19:29:50  foster
        -:    5: * Correct logic bug which didn't allow output of 2 - hf
        -:    6: * */
        -:    7:
        -:    8:#include <stdio.h>
        -:    9:#include <stdlib.h>
        -:   10:
        -:   11:#define OLEV       600		/* in feets/minute */
        -:   12:#define MAXALTDIFF 600		/* max altitude difference in feet */
        -:   13:#define MINSEP     300          /* min separation in feet */
        -:   14:#define NOZCROSS   100		/* in feet */
        -:   15:				/* variables */
        -:   16:
        -:   17:typedef int bool;
        -:   18:
        -:   19:int Cur_Vertical_Sep;
        -:   20:bool High_Confidence;
        -:   21:bool Two_of_Three_Reports_Valid;
        -:   22:
        -:   23:int Own_Tracked_Alt;
        -:   24:int Own_Tracked_Alt_Rate;
        -:   25:int Other_Tracked_Alt;
        -:   26:
        -:   27:int Alt_Layer_Value;		/* 0, 1, 2, 3 */
        -:   28:int Positive_RA_Alt_Thresh[4];
        -:   29:
        -:   30:int Up_Separation;
        -:   31:int Down_Separation;
        -:   32:
        -:   33:				/* state variables */
        -:   34:int Other_RAC;			/* NO_INTENT, DO_NOT_CLIMB, DO_NOT_DESCEND */
        -:   35:#define NO_INTENT 0
        -:   36:#define DO_NOT_CLIMB 1
        -:   37:#define DO_NOT_DESCEND 2
        -:   38:
        -:   39:int Other_Capability;		/* TCAS_TA, OTHER */
        -:   40:#define TCAS_TA 1
        -:   41:#define OTHER 2
        -:   42:
        -:   43:int Climb_Inhibit;		/* true/false */
        -:   44:
        -:   45:#define UNRESOLVED 0
        -:   46:#define UPWARD_RA 1
        -:   47:#define DOWNWARD_RA 2
        -:   48:
function initialize called 1 returned 100% blocks executed 100%
        1:   49:void initialize()
        -:   50:{
        1:   51:    Positive_RA_Alt_Thresh[0] = 400;
        1:   52:    Positive_RA_Alt_Thresh[1] = 500;
        1:   53:    Positive_RA_Alt_Thresh[2] = 640;
        1:   54:    Positive_RA_Alt_Thresh[3] = 740;
        1:   55:}
        -:   56:
function ALIM called 2 returned 100% blocks executed 100%
        2:   57:int ALIM ()
        -:   58:{
        2:   59: return Positive_RA_Alt_Thresh[Alt_Layer_Value];
        -:   60:}
        -:   61:
function Inhibit_Biased_Climb called 2 returned 100% blocks executed 80%
        2:   62:int Inhibit_Biased_Climb ()
        -:   63:{
        2:   64:    return (Climb_Inhibit ? Up_Separation + NOZCROSS : Up_Separation);
branch  0 taken 100% (fallthrough)
branch  1 taken 0%
        -:   65:}
        -:   66:
function Non_Crossing_Biased_Climb called 1 returned 100% blocks executed 57%
        1:   67:bool Non_Crossing_Biased_Climb()
        -:   68:{
        -:   69:    int upward_preferred;
        -:   70:    int upward_crossing_situation;
        -:   71:    bool result;
        -:   72:
        1:   73:    upward_preferred = Inhibit_Biased_Climb() > Down_Separation;
call    0 returned 100%
        1:   74:    if (upward_preferred)
branch  0 taken 100% (fallthrough)
branch  1 taken 0%
        -:   75:    {
        1:   76:	result = !(Own_Below_Threat()) || ((Own_Below_Threat()) && (!(Down_Separation >= ALIM())));
call    0 returned 100%
branch  1 taken 100% (fallthrough)
branch  2 taken 0%
call    3 returned 100%
branch  4 taken 100% (fallthrough)
branch  5 taken 0%
call    6 returned 100%
branch  7 taken 0% (fallthrough)
branch  8 taken 100%
        -:   77:    }
        -:   78:    else
        -:   79:    {
    #####:   80:	result = Own_Above_Threat() && (Cur_Vertical_Sep >= MINSEP) && (Up_Separation >= ALIM());
call    0 never executed
branch  1 never executed
branch  2 never executed
branch  3 never executed
branch  4 never executed
call    5 never executed
branch  6 never executed
branch  7 never executed
        -:   81:    }
        1:   82:    return result;
        -:   83:}
        -:   84:
function Non_Crossing_Biased_Descend called 1 returned 100% blocks executed 52%
        1:   85:bool Non_Crossing_Biased_Descend()
        -:   86:{
        -:   87:    int upward_preferred;
        -:   88:    int upward_crossing_situation;
        -:   89:    bool result;
        -:   90:
        1:   91:    upward_preferred = Inhibit_Biased_Climb() > Down_Separation;
call    0 returned 100%
        1:   92:    if (upward_preferred)
branch  0 taken 100% (fallthrough)
branch  1 taken 0%
        -:   93:    {
        1:   94:	result = Own_Below_Threat() && (Cur_Vertical_Sep >= MINSEP) && (Down_Separation >= ALIM());
call    0 returned 100%
branch  1 taken 100% (fallthrough)
branch  2 taken 0%
branch  3 taken 100% (fallthrough)
branch  4 taken 0%
call    5 returned 100%
branch  6 taken 100% (fallthrough)
branch  7 taken 0%
        -:   95:    }
        -:   96:    else
        -:   97:    {
    #####:   98:	result = !(Own_Above_Threat()) || ((Own_Above_Threat()) && (Up_Separation >= ALIM()));
call    0 never executed
branch  1 never executed
branch  2 never executed
call    3 never executed
branch  4 never executed
branch  5 never executed
call    6 never executed
branch  7 never executed
branch  8 never executed
        -:   99:    }
        1:  100:    return result;
        -:  101:}
        -:  102:
function Own_Below_Threat called 3 returned 100% blocks executed 100%
        3:  103:bool Own_Below_Threat()
        -:  104:{
        3:  105:    return (Own_Tracked_Alt < Other_Tracked_Alt);
        -:  106:}
        -:  107:
function Own_Above_Threat called 1 returned 100% blocks executed 100%
        1:  108:bool Own_Above_Threat()
        -:  109:{
        1:  110:    return (Other_Tracked_Alt < Own_Tracked_Alt);
        -:  111:}
        -:  112:
function alt_sep_test called 1 returned 100% blocks executed 66%
        1:  113:int alt_sep_test()
        -:  114:{
        -:  115:    bool enabled, tcas_equipped, intent_not_known;
        -:  116:    bool need_upward_RA, need_downward_RA;
        -:  117:    int alt_sep;
        -:  118:
        1:  119:    enabled = High_Confidence && (Own_Tracked_Alt_Rate <= OLEV) && (Cur_Vertical_Sep > MAXALTDIFF);
branch  0 taken 100% (fallthrough)
branch  1 taken 0%
branch  2 taken 100% (fallthrough)
branch  3 taken 0%
branch  4 taken 100% (fallthrough)
branch  5 taken 0%
        1:  120:    tcas_equipped = Other_Capability == TCAS_TA;
        1:  121:    intent_not_known = Two_of_Three_Reports_Valid && Other_RAC == NO_INTENT;
branch  0 taken 0% (fallthrough)
branch  1 taken 100%
branch  2 never executed
branch  3 never executed
        -:  122:
        1:  123:    alt_sep = UNRESOLVED;
        -:  124:
        1:  125:    if (enabled && ((tcas_equipped && intent_not_known) || !tcas_equipped))
branch  0 taken 100% (fallthrough)
branch  1 taken 0%
branch  2 taken 0% (fallthrough)
branch  3 taken 100%
branch  4 never executed
branch  5 never executed
branch  6 taken 100% (fallthrough)
branch  7 taken 0%
        -:  126:    {
        1:  127:	need_upward_RA = Non_Crossing_Biased_Climb() && Own_Below_Threat();
call    0 returned 100%
branch  1 taken 0% (fallthrough)
branch  2 taken 100%
call    3 never executed
branch  4 never executed
branch  5 never executed
        1:  128:	need_downward_RA = Non_Crossing_Biased_Descend() && Own_Above_Threat();
call    0 returned 100%
branch  1 taken 100% (fallthrough)
branch  2 taken 0%
call    3 returned 100%
branch  4 taken 0% (fallthrough)
branch  5 taken 100%
        1:  129:	if (need_upward_RA && need_downward_RA)
branch  0 taken 0% (fallthrough)
branch  1 taken 100%
branch  2 never executed
branch  3 never executed
        -:  130:        /* unreachable: requires Own_Below_Threat and Own_Above_Threat
        -:  131:           to both be true - that requires Own_Tracked_Alt < Other_Tracked_Alt
        -:  132:           and Other_Tracked_Alt < Own_Tracked_Alt, which isn't possible */
    #####:  133:	    alt_sep = UNRESOLVED;
        1:  134:	else if (need_upward_RA)
branch  0 taken 0% (fallthrough)
branch  1 taken 100%
    #####:  135:	    alt_sep = UPWARD_RA;
        1:  136:	else if (need_downward_RA)
branch  0 taken 0% (fallthrough)
branch  1 taken 100%
    #####:  137:	    alt_sep = DOWNWARD_RA;
        -:  138:	else
        1:  139:	    alt_sep = UNRESOLVED;
        -:  140:    }
        -:  141:
        1:  142:    return alt_sep;
        -:  143:}
        -:  144:
function main called 1 returned 0% blocks executed 74%
        1:  145:main(argc, argv)
        -:  146:int argc;
        -:  147:char *argv[];
        -:  148:{
        1:  149:    if(argc < 13)
branch  0 taken 0% (fallthrough)
branch  1 taken 100%
        -:  150:    {
    #####:  151:	fprintf(stdout, "Error: Command line arguments are\n");
call    0 never executed
    #####:  152:	fprintf(stdout, "Cur_Vertical_Sep, High_Confidence, Two_of_Three_Reports_Valid\n");
call    0 never executed
    #####:  153:	fprintf(stdout, "Own_Tracked_Alt, Own_Tracked_Alt_Rate, Other_Tracked_Alt\n");
call    0 never executed
    #####:  154:	fprintf(stdout, "Alt_Layer_Value, Up_Separation, Down_Separation\n");
call    0 never executed
    #####:  155:	fprintf(stdout, "Other_RAC, Other_Capability, Climb_Inhibit\n");
call    0 never executed
    #####:  156:	exit(1);
call    0 never executed
        -:  157:    }
        1:  158:    initialize();
call    0 returned 100%
        1:  159:    Cur_Vertical_Sep = atoi(argv[1]);
call    0 returned 100%
        1:  160:    High_Confidence = atoi(argv[2]);
call    0 returned 100%
        1:  161:    Two_of_Three_Reports_Valid = atoi(argv[3]);
call    0 returned 100%
        1:  162:    Own_Tracked_Alt = atoi(argv[4]);
call    0 returned 100%
        1:  163:    Own_Tracked_Alt_Rate = atoi(argv[5]);
call    0 returned 100%
        1:  164:    Other_Tracked_Alt = atoi(argv[6]);
call    0 returned 100%
        1:  165:    Alt_Layer_Value = atoi(argv[7]);
call    0 returned 100%
        1:  166:    Up_Separation = atoi(argv[8]);
call    0 returned 100%
        1:  167:    Down_Separation = atoi(argv[9]);
call    0 returned 100%
        1:  168:    Other_RAC = atoi(argv[10]);
call    0 returned 100%
        1:  169:    Other_Capability = atoi(argv[11]);
call    0 returned 100%
        1:  170:    Climb_Inhibit = atoi(argv[12]);
call    0 returned 100%
        -:  171:
        1:  172:    fprintf(stdout, "%d\n", alt_sep_test());
call    0 returned 100%
call    1 returned 100%
        1:  173:    exit(0);
        -:  174:}
